0 info it worked if it ends with ok
1 verbose cli [ 'C:\\Program Files\\nodejs\\node.exe',
1 verbose cli   'C:\\Program Files\\nodejs\\node_modules\\npm\\bin\\npm-cli.js',
1 verbose cli   'start' ]
2 info using npm@3.10.8
3 info using node@v6.9.1
4 verbose run-script [ 'prestart', 'start', 'poststart' ]
5 info lifecycle menu-dinamico@0.0.0~prestart: menu-dinamico@0.0.0
6 silly lifecycle menu-dinamico@0.0.0~prestart: no script for prestart, continuing
7 info lifecycle menu-dinamico@0.0.0~start: menu-dinamico@0.0.0
8 verbose lifecycle menu-dinamico@0.0.0~start: unsafe-perm in lifecycle true
9 verbose lifecycle menu-dinamico@0.0.0~start: PATH: C:\Program Files\nodejs\node_modules\npm\bin\node-gyp-bin;C:\Users\Ivia\Documents\GitHub\-Experimento_MenuDinamicoAngular2\node_modules\.bin;C:\ProgramData\Oracle\Java\javapath;C:\WINDOWS\system32;C:\WINDOWS;C:\WINDOWS\System32\Wbem;C:\WINDOWS\System32\WindowsPowerShell\v1.0\;C:\Program Files\Microsoft SQL Server\Client SDK\ODBC\110\Tools\Binn\;C:\Program Files (x86)\Microsoft SQL Server\120\Tools\Binn\;C:\Program Files\Microsoft SQL Server\120\Tools\Binn\;C:\Program Files\Microsoft SQL Server\120\DTS\Binn\;C:\Program Files\Microsoft SQL Server\130\Tools\Binn\;C:\Program Files (x86)\Microsoft SQL Server\120\Tools\Binn\ManagementStudio\;C:\Program Files (x86)\Microsoft SQL Server\120\DTS\Binn\;C:\Program Files\Microsoft\Web Platform Installer\;C:\Program Files (x86)\Sybase\SQL Anywhere 8\win32;C:\Program Files (x86)\Sybase\Shared\win32;C:\Program Files (x86)\Sybase\Shared\Sybase Central 4.1;C:\Program Files\Git\cmd;C:\Program Files (x86)\Windows Kits\8.1\Windows Performance Toolkit\;C:\Program Files\dotnet\;C:\Program Files\nodejs\;;C:\Program Files (x86)\Microsoft VS Code\bin;C:\Users\Ivia\AppData\Local\Microsoft\WindowsApps;C:\Users\Ivia\AppData\Roaming\npm
10 verbose lifecycle menu-dinamico@0.0.0~start: CWD: C:\Users\Ivia\Documents\GitHub\-Experimento_MenuDinamicoAngular2
11 silly lifecycle menu-dinamico@0.0.0~start: Args: [ '/d /s /c', 'ng serve' ]
12 silly lifecycle menu-dinamico@0.0.0~start: Returned: code: 3221225786  signal: null
13 info lifecycle menu-dinamico@0.0.0~start: Failed to exec start script
14 verbose stack Error: menu-dinamico@0.0.0 start: `ng serve`
14 verbose stack Exit status 3221225786
14 verbose stack     at EventEmitter.<anonymous> (C:\Program Files\nodejs\node_modules\npm\lib\utils\lifecycle.js:255:16)
14 verbose stack     at emitTwo (events.js:106:13)
14 verbose stack     at EventEmitter.emit (events.js:191:7)
14 verbose stack     at ChildProcess.<anonymous> (C:\Program Files\nodejs\node_modules\npm\lib\utils\spawn.js:40:14)
14 verbose stack     at emitTwo (events.js:106:13)
14 verbose stack     at ChildProcess.emit (events.js:191:7)
14 verbose stack     at maybeClose (internal/child_process.js:877:16)
14 verbose stack     at Process.ChildProcess._handle.onexit (internal/child_process.js:226:5)
15 verbose pkgid menu-dinamico@0.0.0
16 verbose cwd C:\Users\Ivia\Documents\GitHub\-Experimento_MenuDinamicoAngular2
17 error Windows_NT 10.0.14393
18 error argv "C:\\Program Files\\nodejs\\node.exe" "C:\\Program Files\\nodejs\\node_modules\\npm\\bin\\npm-cli.js" "start"
19 error node v6.9.1
20 error npm  v3.10.8
21 error code ELIFECYCLE
22 error menu-dinamico@0.0.0 start: `ng serve`
22 error Exit status 3221225786
23 error Failed at the menu-dinamico@0.0.0 start script 'ng serve'.
23 error Make sure you have the latest version of node.js and npm installed.
23 error If you do, this is most likely a problem with the menu-dinamico package,
23 error not with npm itself.
23 error Tell the author that this fails on your system:
23 error     ng serve
23 error You can get information on how to open an issue for this project with:
23 error     npm bugs menu-dinamico
23 error Or if that isn't available, you can get their info via:
23 error     npm owner ls menu-dinamico
23 error There is likely additional logging output above.
24 verbose exit [ 1, true ]
